
Unigraphics NX2312.3002 / 2D Exchange

Reading part: C:\Users\pinki\OneDrive\aviãozinho\monociclo\mono\cad\corpo nyoom.prt


Writing part: C:\Users\pinki\AppData\Local\Temp\pinkC0C86E8A39lz.prt

Elapsed time   :    0 minutes,  2 seconds
Actual CPU Time:    0 minutes,  3 seconds

INFO-
INFO-		Unigraphics Version NX2312.3002 to AutoCAD 2004
INFO-		
INFO-
INFO-		Running UGTODXF Translator .....
INFO-
INFO-		Start of Translation: Thu Jun 20 22:59:59 2024
INFO-
STATUS-		Converting C:\Users\pinki\AppData\Local\Temp\pinkC0C86E8A39lz.prt
STATUS-
SUMMARY-
SUMMARY-	Summary of Unigraphics Input Entities
SUMMARY-	For Unigraphics File: C:\Users\pinki\AppData\Local\Temp\pinkC0C86E8A39lz.prt
SUMMARY-	------------------------------------------------------------------
SUMMARY-	Entity Type					Count
SUMMARY-	------------------------------------------------------------------
SUMMARY-	Line .....................................:	31
SUMMARY-	Arc ......................................:	3
SUMMARY-	Circle ...................................:	18
SUMMARY-	Spline ...................................:	2
SUMMARY-	Group ....................................:	1
SUMMARY-	------------------------------------------------------------------
SUMMARY-	Total ....................................:	55
SUMMARY-	------------------------------------------------------------------
SUMMARY-
STATUS-
INFO-
INFO-		Writing File: C:\Users\pinki\OneDrive\aviãozinho\monociclo\mono\corpo.dxf
SUMMARY-	Summary of AutoCAD Output Entities
SUMMARY-	------------------------------------------------------------------
SUMMARY-	Entity Type					Count
SUMMARY-	------------------------------------------------------------------
SUMMARY-	Arc ......................................:	3
SUMMARY-	Circle ...................................:	18
SUMMARY-	Spline ...................................:	2
SUMMARY-	Line .....................................:	59
SUMMARY-	Group ....................................:	1
SUMMARY-	Layout ...................................:	6
SUMMARY-	------------------------------------------------------------------
SUMMARY-	Total ....................................:	89
SUMMARY-	------------------------------------------------------------------
SUMMARY-
INFO-
INFO-		End of Translation: Thu Jun 20 23:00:08 2024
INFO-		Translation CPU time: 0 m, 10 sINFO-
