STEP to UG
! INFO-     NX STEP AP214 - V2312.3002
! INFO-      
! INFO-     Start of Translation: 13-MAR-2024  4:18:30 PM
! INFO-      
! STATUS-   Converting Part: C:\Users\pinki\OneDrive\aviãozinho\monociclo\mono\cad\37d-gearmotor-3d-models\37d-gearmotor-100-131-150.step
! SUMMARY-   
! SUMMARY-    STEP Header Information
! SUMMARY-   
! SUMMARY-  Description      STEP AP214
! SUMMARY-  Imp_Level        1
! SUMMARY-  File_Name        37d-gearmotor-100-131-150.step
! SUMMARY-  Date             2019-12-17T02:32:28
! SUMMARY-  Author           Unknown
! SUMMARY-  Organization     Unknown
! SUMMARY-  Pre_Version      SwSTEP 2.0
! SUMMARY-  Orig_System      SolidWorks 2016
! SUMMARY-  Authorization    Unknown
! SUMMARY-  Schema_ID        automotive_design
! SUMMARY-   
! SUMMARY-    Summary of STEP Entities
! SUMMARY-   
! SUMMARY-  Entity Type                                                   Count
! SUMMARY-  -----------                                                   ------
! SUMMARY-  advanced_face ..............................................:    489
! SUMMARY-  application_context ........................................:      2
! SUMMARY-  axis2_placement_3d .........................................:    597
! SUMMARY-  b_spline_curve_with_knots ..................................:    421
! SUMMARY-  b_spline_surface_with_knots ................................:    123
! SUMMARY-  b_spline_surface_with_knots_and_rational_b_spline_surface ..:      2
! SUMMARY-  cartesian_point ............................................:  13726
! SUMMARY-  circle .....................................................:    232
! SUMMARY-  closed_shell ...............................................:      1
! SUMMARY-  conical_surface ............................................:      8
! SUMMARY-  cylindrical_surface ........................................:     80
! SUMMARY-  direction ..................................................:   1743
! SUMMARY-  edge_curve .................................................:   1202
! SUMMARY-  edge_loop ..................................................:    550
! SUMMARY-  face_bound .................................................:     61
! SUMMARY-  face_outer_bound ...........................................:    489
! SUMMARY-  geometric_representation_context_and_global_uncertainty_a ..:    486
! SUMMARY-  length_unit_and_si_unit ....................................:    486
! SUMMARY-  line .......................................................:    549
! SUMMARY-  manifold_solid_brep ........................................:      1
! SUMMARY-  oriented_edge ..............................................:   2404
! SUMMARY-  plane ......................................................:    274
! SUMMARY-  plane_angle_unit_and_si_unit ...............................:    486
! SUMMARY-  product ....................................................:      1
! SUMMARY-  product_context ............................................:      1
! SUMMARY-  product_definition .........................................:      1
! SUMMARY-  product_definition_context .................................:      1
! SUMMARY-  product_definition_formation_with_specified_source .........:      1
! SUMMARY-  product_definition_shape ...................................:      1
! SUMMARY-  product_related_product_category ...........................:      1
! SUMMARY-  si_unit_and_solid_angle_unit ...............................:    486
! SUMMARY-  toroidal_surface ...........................................:      2
! SUMMARY-  uncertainty_measure_with_unit ..............................:    486
! SUMMARY-  vector .....................................................:    549
! SUMMARY-  vertex_point ...............................................:    772
! SUMMARY-                                                               -------
! SUMMARY-  Total                                                          26714
! STATUS-    
! STATUS-   Converting to Output Form (Phase 2 of 3): 13-MAR-2024 4:18:30 PM
! STATUS-    
! STATUS-    
! STATUS-   Generating UG geometry and placing them in parts
! STATUS-    
! STATUS-   Creating the UG part (Phase 3 of 3): 13-MAR-2024  4:18:32 PM
! INFO-     Filing Part ..: C:\Users\pinki\OneDrive\aviãozinho\monociclo\mono\cad\37d-gearmotor-3d-models\37d-gearmotor-100-131-150_step.prt
! SUMMARY-   
! SUMMARY-  Summary of Unigraphics Part Entities
! SUMMARY-   
! SUMMARY-  Entities Processed             Count
! SUMMARY-  ------------------             -----
! SUMMARY-  Solid/Sheet .................:     1
! SUMMARY-                                 -----
! SUMMARY-  Total                              1
! INFO-      
! INFO-     Total number of solids input for this translation       :         1
! INFO-      
! INFO-     Number of solids created without body validation faults :         1
! INFO-      
! INFO-     Number of solids created with body validation fault(s)  :         0
! INFO-      
! INFO-     Number of solids ending up as sheet bodies              :         0
! INFO-      
! INFO-     End of Translation: 13-MAR-2024  4:18:33 PM
! INFO-      
