
Unigraphics NX2306.3001 / 2D Exchange

Reading part: C:\Users\pinki\OneDrive\aviãozinho\monociclo\mono\roda de inercia.prt


Writing part: C:\Users\pinki\AppData\Local\Temp\pink94D42716401a.prt

Elapsed time   :    0 minutes,  1 seconds
Actual CPU Time:    0 minutes,  0 seconds

INFO-
INFO-		Unigraphics Version NX2306.3001 to AutoCAD 2004
INFO-		
INFO-
INFO-		Running UGTODXF Translator .....
INFO-
INFO-		Start of Translation: Tue Nov 14 11:10:13 2023
INFO-
STATUS-		Converting C:\Users\pinki\AppData\Local\Temp\pink94D42716401a.prt
STATUS-
SUMMARY-
SUMMARY-	Summary of Unigraphics Input Entities
SUMMARY-	For Unigraphics File: C:\Users\pinki\AppData\Local\Temp\pink94D42716401a.prt
SUMMARY-	------------------------------------------------------------------
SUMMARY-	Entity Type					Count
SUMMARY-	------------------------------------------------------------------
SUMMARY-	Line .....................................:	16
SUMMARY-	Arc ......................................:	8
SUMMARY-	Circle ...................................:	1
SUMMARY-	------------------------------------------------------------------
SUMMARY-	Total ....................................:	25
SUMMARY-	------------------------------------------------------------------
SUMMARY-
STATUS-
INFO-
INFO-		Writing File: C:\Users\pinki\OneDrive\aviãozinho\monociclo\mono\roda de inercia.dxf
SUMMARY-	Summary of AutoCAD Output Entities
SUMMARY-	------------------------------------------------------------------
SUMMARY-	Entity Type					Count
SUMMARY-	------------------------------------------------------------------
SUMMARY-	Arc ......................................:	8
SUMMARY-	Circle ...................................:	1
SUMMARY-	Line .....................................:	16
SUMMARY-	Layout ...................................:	6
SUMMARY-	------------------------------------------------------------------
SUMMARY-	Total ....................................:	31
SUMMARY-	------------------------------------------------------------------
SUMMARY-
INFO-
INFO-		End of Translation: Tue Nov 14 11:10:43 2023
INFO-		Translation CPU time: 0 m, 30 sINFO-
