
Unigraphics NX2306.3001 / 2D Exchange

Reading part: C:\Users\pinki\OneDrive\aviãozinho\monociclo\mono\roda de inercia.prt


Writing part: C:\Users\pinki\AppData\Local\Temp\pink72C88D9Dq3dn.prt

Elapsed time   :    0 minutes,  0 seconds
Actual CPU Time:    0 minutes,  1 seconds

INFO-
INFO-		Unigraphics Version NX2306.3001 to AutoCAD 2004
INFO-		
INFO-
INFO-		Running UGTODXF Translator .....
INFO-
INFO-		Start of Translation: Tue Nov  7 14:09:55 2023
INFO-
STATUS-		Converting C:\Users\pinki\AppData\Local\Temp\pink72C88D9Dq3dn.prt
STATUS-
SUMMARY-
SUMMARY-	Summary of Unigraphics Input Entities
SUMMARY-	For Unigraphics File: C:\Users\pinki\AppData\Local\Temp\pink72C88D9Dq3dn.prt
SUMMARY-	------------------------------------------------------------------
SUMMARY-	Entity Type					Count
SUMMARY-	------------------------------------------------------------------
SUMMARY-	Line .....................................:	14
SUMMARY-	Point ....................................:	1
SUMMARY-	Arc ......................................:	6
SUMMARY-	Circle ...................................:	1
SUMMARY-	------------------------------------------------------------------
SUMMARY-	Total ....................................:	22
SUMMARY-	------------------------------------------------------------------
SUMMARY-
STATUS-
INFO-
INFO-		Writing File: C:\Users\pinki\OneDrive\aviãozinho\monociclo\mono\roda de inercia.dxf
SUMMARY-	Summary of AutoCAD Output Entities
SUMMARY-	------------------------------------------------------------------
SUMMARY-	Entity Type					Count
SUMMARY-	------------------------------------------------------------------
SUMMARY-	Arc ......................................:	6
SUMMARY-	Circle ...................................:	1
SUMMARY-	Point ....................................:	1
SUMMARY-	Line .....................................:	16
SUMMARY-	Layout ...................................:	6
SUMMARY-	------------------------------------------------------------------
SUMMARY-	Total ....................................:	30
SUMMARY-	------------------------------------------------------------------
SUMMARY-
INFO-
INFO-		End of Translation: Tue Nov  7 14:10:25 2023
INFO-		Translation CPU time: 0 m, 31 sINFO-
